# JRE version: Java(TM) SE Runtime Environment 18.9 (11.0.12+8) (build 11.0.12+8-LTS-237)
# Java VM: Java HotSpot(TM) 64-Bit Server VM 18.9 (11.0.12+8-LTS-237, mixed mode, tiered, compressed oops, g1 gc, windows-amd64)
Heap:
 garbage-first heap   total 145408K, used 57808K [0x000000008a200000, 0x0000000100000000)
  region size 1024K, 10 young (10240K), 3 survivors (3072K)
 Metaspace       used 39858K, capacity 40771K, committed 41088K, reserved 1085440K
  class space    used 4256K, capacity 4634K, committed 4736K, reserved 1048576K
GC Heap History (10 events):
Event: 6.495 GC heap before
{Heap before GC invocations=6 (full 0):
 garbage-first heap   total 145408K, used 86642K [0x000000008a200000, 0x0000000100000000)
  region size 1024K, 80 young (81920K), 7 survivors (7168K)
 Metaspace       used 34282K, capacity 35144K, committed 35328K, reserved 1081344K
  class space    used 3743K, capacity 4046K, committed 4096K, reserved 1048576K
}
Event: 6.510 GC heap after
{Heap after GC invocations=7 (full 0):
 garbage-first heap   total 145408K, used 30720K [0x000000008a200000, 0x0000000100000000)
  region size 1024K, 10 young (10240K), 10 survivors (10240K)
 Metaspace       used 34282K, capacity 35144K, committed 35328K, reserved 1081344K
  class space    used 3743K, capacity 4046K, committed 4096K, reserved 1048576K
}
Event: 6.547 GC heap before
{Heap before GC invocations=7 (full 0):
 garbage-first heap   total 145408K, used 32768K [0x000000008a200000, 0x0000000100000000)
  region size 1024K, 13 young (13312K), 10 survivors (10240K)
 Metaspace       used 34731K, capacity 35589K, committed 35840K, reserved 1081344K
  class space    used 3800K, capacity 4087K, committed 4096K, reserved 1048576K
}
Event: 6.554 GC heap after
{Heap after GC invocations=8 (full 0):
 garbage-first heap   total 145408K, used 33280K [0x000000008a200000, 0x0000000100000000)
  region size 1024K, 2 young (2048K), 2 survivors (2048K)
 Metaspace       used 34731K, capacity 35589K, committed 35840K, reserved 1081344K
  class space    used 3800K, capacity 4087K, committed 4096K, reserved 1048576K
}
Event: 7.193 GC heap before
{Heap before GC invocations=9 (full 0):
 garbage-first heap   total 145408K, used 75264K [0x000000008a200000, 0x0000000100000000)
  region size 1024K, 43 young (44032K), 2 survivors (2048K)
 Metaspace       used 35084K, capacity 35913K, committed 36224K, reserved 1081344K
  class space    used 3818K, capacity 4152K, committed 4224K, reserved 1048576K
}
Event: 7.201 GC heap after
{Heap after GC invocations=10 (full 0):
 garbage-first heap   total 145408K, used 47104K [0x000000008a200000, 0x0000000100000000)
  region size 1024K, 6 young (6144K), 6 survivors (6144K)
 Metaspace       used 35084K, capacity 35913K, committed 36224K, reserved 1081344K
  class space    used 3818K, capacity 4152K, committed 4224K, reserved 1048576K
}
Event: 7.652 GC heap before
{Heap before GC invocations=10 (full 0):
 garbage-first heap   total 145408K, used 83968K [0x000000008a200000, 0x0000000100000000)
  region size 1024K, 42 young (43008K), 6 survivors (6144K)
 Metaspace       used 36413K, capacity 37305K, committed 37632K, reserved 1083392K
  class space    used 3917K, capacity 4268K, committed 4352K, reserved 1048576K
}
Event: 7.659 GC heap after
{Heap after GC invocations=11 (full 0):
 garbage-first heap   total 145408K, used 49539K [0x000000008a200000, 0x0000000100000000)
  region size 1024K, 6 young (6144K), 6 survivors (6144K)
 Metaspace       used 36413K, capacity 37305K, committed 37632K, reserved 1083392K
  class space    used 3917K, capacity 4268K, committed 4352K, reserved 1048576K
}
Event: 8.442 GC heap before
{Heap before GC invocations=11 (full 0):
 garbage-first heap   total 145408K, used 88451K [0x000000008a200000, 0x0000000100000000)
  region size 1024K, 44 young (45056K), 6 survivors (6144K)
 Metaspace       used 38839K, capacity 39714K, committed 39936K, reserved 1085440K
  class space    used 4139K, capacity 4493K, committed 4608K, reserved 1048576K
}
Event: 8.448 GC heap after
{Heap after GC invocations=12 (full 0):
 garbage-first heap   total 145408K, used 51664K [0x000000008a200000, 0x0000000100000000)
  region size 1024K, 3 young (3072K), 3 survivors (3072K)
 Metaspace       used 38839K, capacity 39714K, committed 39936K, reserved 1085440K
  class space    used 4139K, capacity 4493K, committed 4608K, reserved 1048576K
}

