# JRE version: Java(TM) SE Runtime Environment 18.9 (11.0.12+8) (build 11.0.12+8-LTS-237)
# Java VM: Java HotSpot(TM) 64-Bit Server VM 18.9 (11.0.12+8-LTS-237, mixed mode, tiered, compressed oops, g1 gc, windows-amd64)
Heap:
 garbage-first heap   total 145408K, used 13348K [0x000000008a200000, 0x0000000100000000)
  region size 1024K, 5 young (5120K), 5 survivors (5120K)
 Metaspace       used 34505K, capacity 35793K, committed 35840K, reserved 1081344K
  class space    used 4077K, capacity 4586K, committed 4608K, reserved 1048576K
GC Heap History (10 events):
Event: 0.814 GC heap after
{Heap after GC invocations=2 (full 0):
 garbage-first heap   total 120832K, used 7309K [0x000000008a200000, 0x0000000100000000)
  region size 1024K, 1 young (1024K), 1 survivors (1024K)
 Metaspace       used 11162K, capacity 11320K, committed 11392K, reserved 1058816K
  class space    used 1043K, capacity 1094K, committed 1152K, reserved 1048576K
}
Event: 1.502 GC heap before
{Heap before GC invocations=2 (full 0):
 garbage-first heap   total 120832K, used 30861K [0x000000008a200000, 0x0000000100000000)
  region size 1024K, 24 young (24576K), 1 survivors (1024K)
 Metaspace       used 15375K, capacity 15982K, committed 16256K, reserved 1062912K
  class space    used 1597K, capacity 1888K, committed 1920K, reserved 1048576K
}
Event: 1.505 GC heap after
{Heap after GC invocations=3 (full 0):
 garbage-first heap   total 120832K, used 8349K [0x000000008a200000, 0x0000000100000000)
  region size 1024K, 2 young (2048K), 2 survivors (2048K)
 Metaspace       used 15375K, capacity 15982K, committed 16256K, reserved 1062912K
  class space    used 1597K, capacity 1888K, committed 1920K, reserved 1048576K
}
Event: 1.878 GC heap before
{Heap before GC invocations=3 (full 0):
 garbage-first heap   total 120832K, used 54429K [0x000000008a200000, 0x0000000100000000)
  region size 1024K, 47 young (48128K), 2 survivors (2048K)
 Metaspace       used 20092K, capacity 20781K, committed 20992K, reserved 1067008K
  class space    used 2140K, capacity 2449K, committed 2560K, reserved 1048576K
}
Event: 1.881 GC heap after
{Heap after GC invocations=4 (full 0):
 garbage-first heap   total 120832K, used 9199K [0x000000008a200000, 0x0000000100000000)
  region size 1024K, 3 young (3072K), 3 survivors (3072K)
 Metaspace       used 20092K, capacity 20781K, committed 20992K, reserved 1067008K
  class space    used 2140K, capacity 2449K, committed 2560K, reserved 1048576K
}
Event: 1.945 GC heap before
{Heap before GC invocations=4 (full 0):
 garbage-first heap   total 120832K, used 14319K [0x000000008a200000, 0x0000000100000000)
  region size 1024K, 9 young (9216K), 3 survivors (3072K)
 Metaspace       used 20511K, capacity 21198K, committed 21248K, reserved 1069056K
  class space    used 2208K, capacity 2525K, committed 2560K, reserved 1048576K
}
Event: 1.949 GC heap after
{Heap after GC invocations=5 (full 0):
 garbage-first heap   total 120832K, used 9540K [0x000000008a200000, 0x0000000100000000)
  region size 1024K, 3 young (3072K), 3 survivors (3072K)
 Metaspace       used 20511K, capacity 21198K, committed 21248K, reserved 1069056K
  class space    used 2208K, capacity 2525K, committed 2560K, reserved 1048576K
}
Event: 4.206 GC heap before
{Heap before GC invocations=6 (full 0):
 garbage-first heap   total 120832K, used 75076K [0x000000008a200000, 0x0000000100000000)
  region size 1024K, 67 young (68608K), 3 survivors (3072K)
 Metaspace       used 31547K, capacity 32671K, committed 32896K, reserved 1077248K
  class space    used 3685K, capacity 4158K, committed 4224K, reserved 1048576K
}
Event: 4.215 GC heap after
{Heap after GC invocations=7 (full 0):
 garbage-first heap   total 120832K, used 12711K [0x000000008a200000, 0x0000000100000000)
  region size 1024K, 6 young (6144K), 6 survivors (6144K)
 Metaspace       used 31547K, capacity 32671K, committed 32896K, reserved 1077248K
  class space    used 3685K, capacity 4158K, committed 4224K, reserved 1048576K
}
Event: 5.338 GC heap before
{Heap before GC invocations=7 (full 0):
 garbage-first heap   total 120832K, used 30119K [0x000000008a200000, 0x0000000100000000)
  region size 1024K, 24 young (24576K), 6 survivors (6144K)
 Metaspace       used 34505K, capacity 35793K, committed 35840K, reserved 1081344K
  class space    used 4077K, capacity 4586K, committed 4608K, reserved 1048576K
}

